[GIN] 2015/08/18 - 19:42:58 |[97;42m 200 [0m|     149.262µs | [::1]:59167 |[97;44m  [0m GET     /api/
[GIN] 2015/08/18 - 19:42:58 |[97;42m 200 [0m|    2.024147ms | [::1]:59167 |[97;44m  [0m GET     /api/task/
[GIN] 2015/08/18 - 19:43:03 |[97;42m 200 [0m|    8.531014ms | [::1]:59167 |[97;43m  [0m PUT     /api/task/8
[GIN] 2015/08/18 - 19:43:03 |[97;42m 200 [0m|    1.163837ms | [::1]:59167 |[97;44m  [0m GET     /api/task/
[GIN] 2015/08/18 - 19:43:06 |[97;42m 200 [0m|     5.68335ms | [::1]:59167 |[97;43m  [0m PUT     /api/task/3
[GIN] 2015/08/18 - 19:43:06 |[97;42m 200 [0m|    1.491989ms | [::1]:59167 |[97;44m  [0m GET     /api/task/
[GIN] 2015/08/18 - 19:43:11 |[97;42m 200 [0m|   12.062146ms | [::1]:59167 |[97;43m  [0m PUT     /api/task/10
[GIN] 2015/08/18 - 19:43:11 |[97;42m 200 [0m|    1.724564ms | [::1]:59167 |[97;44m  [0m GET     /api/task/
[GIN] 2015/08/18 - 19:43:36 |[97;42m 200 [0m|    7.554129ms | [::1]:59167 |[97;43m  [0m PUT     /api/task/10
[GIN] 2015/08/18 - 19:43:37 |[97;42m 200 [0m|    1.539225ms | [::1]:59167 |[97;44m  [0m GET     /api/task/
[GIN] 2015/08/18 - 19:43:39 |[97;42m 200 [0m|    3.748424ms | [::1]:59167 |[97;43m  [0m PUT     /api/task/10
[GIN] 2015/08/18 - 19:43:39 |[97;42m 200 [0m|       1.374ms | [::1]:59167 |[97;44m  [0m GET     /api/task/
[GIN] 2015/08/18 - 19:43:44 |[97;42m 200 [0m|    7.654489ms | [::1]:59167 |[97;43m  [0m PUT     /api/task/10
[GIN] 2015/08/18 - 19:43:44 |[97;42m 200 [0m|    1.356351ms | [::1]:59167 |[97;44m  [0m GET     /api/task/
[GIN] 2015/08/18 - 19:43:52 |[97;42m 200 [0m|    7.612658ms | [::1]:59167 |[97;43m  [0m PUT     /api/task/10
[GIN] 2015/08/18 - 19:43:52 |[97;42m 200 [0m|    1.151878ms | [::1]:59167 |[97;44m  [0m GET     /api/task/
[GIN] 2015/08/18 - 19:44:35 |[97;42m 200 [0m|      66.286µs | [::1]:59167 |[97;44m  [0m GET     /api/
[GIN] 2015/08/18 - 19:44:36 |[97;42m 200 [0m|    1.082347ms | [::1]:59167 |[97;44m  [0m GET     /api/task/
[GIN] 2015/08/18 - 19:44:39 |[97;42m 200 [0m|    8.724053ms | [::1]:59167 |[97;43m  [0m PUT     /api/task/10
[GIN] 2015/08/18 - 19:44:39 |[97;42m 200 [0m|    1.077655ms | [::1]:59167 |[97;44m  [0m GET     /api/task/
[GIN] 2015/08/18 - 19:44:42 |[97;42m 200 [0m|    4.025377ms | [::1]:59167 |[97;43m  [0m PUT     /api/task/10
[GIN] 2015/08/18 - 19:44:42 |[97;42m 200 [0m|     876.475µs | [::1]:59167 |[97;44m  [0m GET     /api/task/
